<?xml version="1.0" encoding="UTF-8"?>
<!-- Generated by org.testng.reporters.JUnitReportReporter -->
<testsuite hostname="CDC313498" name="SeleniumTestDemo.MainFunction" tests="2" failures="0" timestamp="5 Jun 2017 02:34:51 GMT" time="59.940" errors="0">
  <testcase name="orderFlight" time="37.468" classname="SeleniumTestDemo.MainFunction"/>
  <testcase name="login2" time="22.472" classname="SeleniumTestDemo.MainFunction"/>
</testsuite> <!-- SeleniumTestDemo.MainFunction -->
