<?xml version="1.0" encoding="UTF-8"?>
<!-- Generated by org.testng.reporters.JUnitReportReporter -->
<testsuite hostname="CDC313498" name="SeleniumTestDemo.MainFunction" tests="2" failures="0" timestamp="2 Jun 2017 10:03:32 GMT" time="120.720" errors="0">
  <testcase name="orderFlight" time="81.007" classname="SeleniumTestDemo.MainFunction"/>
  <testcase name="login2" time="39.713" classname="SeleniumTestDemo.MainFunction"/>
</testsuite> <!-- SeleniumTestDemo.MainFunction -->
