<?xml version="1.0" encoding="UTF-8"?>
<!-- Generated by org.testng.reporters.JUnitReportReporter -->
<testsuite hostname="CDC313498" name="SeleniumTestDemo.AdvanceReporting" tests="1" failures="0" timestamp="23 May 2017 09:26:31 GMT" time="23.974" errors="0">
  <testcase name="verifySeleniumBlog" time="23.974" classname="SeleniumTestDemo.AdvanceReporting"/>
</testsuite> <!-- SeleniumTestDemo.AdvanceReporting -->
