<?xml version="1.0" encoding="UTF-8"?>
<!-- Generated by org.testng.reporters.JUnitReportReporter -->
<testsuite hostname="CDC313498" name="SeleniumTestDemo.NewTestDemo" tests="1" failures="0" timestamp="11 May 2017 06:29:37 GMT" time="54.670" errors="0">
  <testcase name="testDemo" time="54.670" classname="SeleniumTestDemo.NewTestDemo"/>
</testsuite> <!-- SeleniumTestDemo.NewTestDemo -->
